<?xml version="1.0" encoding="UTF-8"?>
<!-- Generated by org.testng.reporters.JUnitReportReporter -->
<testsuite hostname="DESKTOP-PIA3944" failures="0" tests="1" name="advanceSeleniumE2.ToPerformConfigurationAnnotation" time="0.062" errors="0" timestamp="2024-03-30T17:07:36 IST" skipped="0">
  <testcase classname="advanceSeleniumE2.ToPerformConfigurationAnnotation" name="Testcases" time="0.062"/>
  <system-out>
    <![CDATA[Test cases executed]]>
  </system-out>
</testsuite> <!-- advanceSeleniumE2.ToPerformConfigurationAnnotation -->
