<?xml version="1.0" encoding="UTF-8"?>
<!-- Generated by org.testng.reporters.JUnitReportReporter -->
<testsuite hostname="DESKTOP-PIA3944" failures="0" tests="1" name="bikes.ToLounchjawa" time="28.865" errors="0" timestamp="2024-03-28T17:04:06 IST" skipped="0">
  <testcase classname="bikes.ToLounchjawa" name="jawa" time="28.865"/>
  <system-out>
    <![CDATA[Royal lounched]]>
  </system-out>
</testsuite> <!-- bikes.ToLounchjawa -->
