<?xml version="1.0" encoding="UTF-8"?>
<!-- Generated by org.testng.reporters.JUnitReportReporter -->
<testsuite hostname="DESKTOP-PIA3944" failures="0" tests="1" name="advanceSeleniumE2.TC_DWT_001" time="17.708" errors="0" timestamp="2024-03-30T17:52:34 IST" skipped="0">
  <testcase classname="advanceSeleniumE2.TC_DWT_001" name="tocheckBook" time="17.708"/>
  <system-out>
    <![CDATA[navigation of book page success]]>
  </system-out>
</testsuite> <!-- advanceSeleniumE2.TC_DWT_001 -->
