<?xml version="1.0" encoding="UTF-8"?>
<!-- Generated by org.testng.reporters.JUnitReportReporter -->
<testsuite hostname="DESKTOP-PIA3944" failures="0" tests="1" name="dataDrivenTesting.TouseInvocationCount" time="26.143" errors="0" timestamp="2024-03-27T16:50:23 IST" skipped="0">
  <testcase classname="dataDrivenTesting.TouseInvocationCount" name="cricbuzz" time="26.143"/>
  <system-out>
    <![CDATA[Cricbuzz got executed]]>
  </system-out>
</testsuite> <!-- dataDrivenTesting.TouseInvocationCount -->
