<?xml version="1.0" encoding="UTF-8"?>
<!-- Generated by org.testng.reporters.JUnitReportReporter -->
<testsuite hostname="DESKTOP-PIA3944" failures="0" tests="1" name="advanceSeleniumE2.TC_DWST_002" time="9.277" errors="0" timestamp="2024-03-30T21:05:20 IST" skipped="0">
  <testcase classname="advanceSeleniumE2.TC_DWST_002" name="tochechComputerPage" time="9.277"/>
  <system-out>
    <![CDATA[navigation of computers page success]]>
  </system-out>
</testsuite> <!-- advanceSeleniumE2.TC_DWST_002 -->
