<?xml version="1.0" encoding="UTF-8"?>
<!-- Generated by org.testng.reporters.JUnitReportReporter -->
<testsuite hostname="DESKTOP-PIA3944" failures="0" tests="3" name="advanceSelenium.ToLearnDependsOnMethods" time="0.055" errors="0" timestamp="2024-03-27T17:23:31 IST" skipped="0">
  <testcase classname="advanceSelenium.ToLearnDependsOnMethods" name="createdAccount" time="0.043"/>
  <system-out>
    <![CDATA[account created]]>
  </system-out>
  <testcase classname="advanceSelenium.ToLearnDependsOnMethods" name="editeddAccount" time="0.007"/>
  <system-out>
    <![CDATA[account edited]]>
  </system-out>
  <testcase classname="advanceSelenium.ToLearnDependsOnMethods" name="deleteddAccount" time="0.005"/>
  <system-out>
    <![CDATA[account deleted]]>
  </system-out>
</testsuite> <!-- advanceSelenium.ToLearnDependsOnMethods -->
