<?xml version="1.0" encoding="UTF-8"?>
<!-- Generated by org.testng.reporters.JUnitReportReporter -->
<testsuite hostname="DESKTOP-PIA3944" failures="0" tests="5" name="advanceSelenium.ToUseThreadpoolsize" time="224.419" errors="0" timestamp="2024-03-27T17:00:37 IST" skipped="0">
  <testcase classname="advanceSelenium.ToUseThreadpoolsize" name="cricbuzz" time="11.607"/>
  <system-out>
    <![CDATA[Cricbuzz got executed]]>
  </system-out>
  <testcase classname="advanceSelenium.ToUseThreadpoolsize" name="amazon" time="68.206"/>
  <system-out>
    <![CDATA[baskin got executed]]>
  </system-out>
  <testcase classname="advanceSelenium.ToUseThreadpoolsize" name="cricbuzz" time="12.115"/>
  <system-out>
    <![CDATA[Cricbuzz got executed]]>
  </system-out>
  <testcase classname="advanceSelenium.ToUseThreadpoolsize" name="amazon" time="65.164"/>
  <system-out>
    <![CDATA[baskin got executed]]>
  </system-out>
  <testcase classname="advanceSelenium.ToUseThreadpoolsize" name="amazon" time="67.327"/>
  <system-out>
    <![CDATA[baskin got executed]]>
  </system-out>
</testsuite> <!-- advanceSelenium.ToUseThreadpoolsize -->
