<?xml version="1.0" encoding="UTF-8"?>
<!-- Generated by org.testng.reporters.JUnitReportReporter -->
<testsuite hostname="DESKTOP-PIA3944" failures="0" tests="3" name="advanceSelenium.TolearnTextNG" time="121.141" errors="0" timestamp="2024-03-27T16:37:50 IST" skipped="0">
  <testcase classname="advanceSelenium.TolearnTextNG" name="amazon" time="105.374"/>
  <system-out>
    <![CDATA[baskin got executed]]>
  </system-out>
  <testcase classname="advanceSelenium.TolearnTextNG" name="cricbuzz" time="8.869"/>
  <system-out>
    <![CDATA[Cricbuzz got executed]]>
  </system-out>
  <testcase classname="advanceSelenium.TolearnTextNG" name="baskinRobbins" time="6.898"/>
  <system-out>
    <![CDATA[baskin got executed]]>
  </system-out>
</testsuite> <!-- advanceSelenium.TolearnTextNG -->
