<?xml version="1.0" encoding="UTF-8"?>
<!-- Generated by org.testng.reporters.JUnitReportReporter -->
<testsuite hostname="DESKTOP-PIA3944" failures="0" tests="1" name="cars.ToLounchMarutiSuzukiCar" time="56.389" errors="0" timestamp="2024-03-27T21:31:25 IST" skipped="0">
  <testcase classname="cars.ToLounchMarutiSuzukiCar" name="SUZUKI" time="56.389"/>
  <system-out>
    <![CDATA[SUZUKI are Lounched]]>
  </system-out>
</testsuite> <!-- cars.ToLounchMarutiSuzukiCar -->
