<?xml version="1.0" encoding="UTF-8"?>
<!-- Generated by org.testng.reporters.JUnitReportReporter -->
<testsuite hostname="DESKTOP-PIA3944" failures="0" tests="1" name="bikes.ToLounchRoyal" time="46.965" errors="0" timestamp="2024-03-28T17:21:30 IST" skipped="0">
  <testcase classname="bikes.ToLounchRoyal" name="royal" time="46.965"/>
  <system-out>
    <![CDATA[Royal lounched]]>
  </system-out>
</testsuite> <!-- bikes.ToLounchRoyal -->
