<?xml version="1.0" encoding="UTF-8"?>
<!-- Generated by org.testng.reporters.JUnitReportReporter -->
<testsuite hostname="DESKTOP-PIA3944" failures="0" tests="3" name="advanceSelenium.ToLearnTwoDependsOnMethods" time="0.046" errors="0" timestamp="2024-03-27T17:29:23 IST" skipped="0">
  <testcase classname="advanceSelenium.ToLearnTwoDependsOnMethods" name="createdAccount" time="0.033"/>
  <system-out>
    <![CDATA[account created]]>
  </system-out>
  <testcase classname="advanceSelenium.ToLearnTwoDependsOnMethods" name="deleteddAccount" time="0.008"/>
  <system-out>
    <![CDATA[account deleted]]>
  </system-out>
  <testcase classname="advanceSelenium.ToLearnTwoDependsOnMethods" name="editeddAccount" time="0.005"/>
  <system-out>
    <![CDATA[account edited]]>
  </system-out>
</testsuite> <!-- advanceSelenium.ToLearnTwoDependsOnMethods -->
