<?xml version="1.0" encoding="UTF-8"?>
<!-- Generated by org.testng.reporters.JUnitReportReporter -->
<testsuite hostname="DESKTOP-PIA3944" failures="0" tests="1" name="cars.ToLounchBMW" time="20.474" errors="0" timestamp="2024-03-27T21:31:25 IST" skipped="0">
  <testcase classname="cars.ToLounchBMW" name="BMW" time="20.474"/>
  <system-out>
    <![CDATA[BMW are Lounched]]>
  </system-out>
</testsuite> <!-- cars.ToLounchBMW -->
