<?xml version="1.0" encoding="UTF-8"?>
<!-- Generated by org.testng.reporters.JUnitReportReporter -->
<testsuite hostname="DESKTOP-PIA3944" failures="0" tests="3" name="advanceSelenium.ToUseEnabled" time="10.893" errors="0" timestamp="2024-03-27T17:22:48 IST" skipped="2">
  <testcase classname="advanceSelenium.ToUseEnabled" name="cricbuzz" time="10.893"/>
  <system-out>
    <![CDATA[Cricbuzz got executed]]>
  </system-out>
  <testcase classname="advanceSelenium.ToUseEnabled" name="amazon">
    <skipped/>
  </testcase> <!-- amazon -->
  <system-out/>
  <testcase classname="advanceSelenium.ToUseEnabled" name="baskinRobbins">
    <skipped/>
  </testcase> <!-- baskinRobbins -->
  <system-out/>
</testsuite> <!-- advanceSelenium.ToUseEnabled -->
